\BOOKMARK [1][-]{section.1}{\376\377\000I\000n\000t\000r\000o\000d\000u\000z\000i\000o\000n\000e}{}% 1
\BOOKMARK [1][-]{section.2}{\376\377\000P\000r\000o\000g\000e\000t\000t\000a\000z\000i\000o\000n\000e\000\040\000e\000\040\000s\000v\000i\000l\000u\000p\000p\000o\000\040\000A\000n\000d\000r\000o\000i\000d}{}% 2
\BOOKMARK [2][-]{subsection.2.1}{\376\377\000R\000e\000q\000u\000i\000s\000i\000t\000i}{section.2}% 3
\BOOKMARK [3][-]{subsubsection.2.1.1}{\376\377\000R\000e\000q\000u\000i\000s\000i\000t\000i\000\040\000f\000u\000n\000z\000i\000o\000n\000a\000l\000i}{subsection.2.1}% 4
\BOOKMARK [3][-]{subsubsection.2.1.2}{\376\377\000R\000e\000q\000u\000i\000s\000i\000t\000i\000\040\000n\000o\000n\000\040\000f\000u\000n\000z\000i\000o\000n\000a\000l\000i}{subsection.2.1}% 5
\BOOKMARK [3][-]{subsubsection.2.1.3}{\376\377\000C\000a\000s\000i\000\040\000d\000'\000u\000s\000o}{subsection.2.1}% 6
\BOOKMARK [2][-]{subsection.2.2}{\376\377\000A\000r\000c\000h\000i\000t\000e\000t\000t\000u\000r\000a\000\040\000a\000p\000p\000l\000i\000c\000a\000z\000i\000o\000n\000e}{section.2}% 7
\BOOKMARK [3][-]{subsubsection.2.2.1}{\376\377\000M\000V\000V\000M}{subsection.2.2}% 8
\BOOKMARK [3][-]{subsubsection.2.2.2}{\376\377\000D\000i\000a\000g\000r\000a\000m\000m\000a\000\040\000d\000e\000l\000l\000e\000\040\000c\000o\000m\000p\000o\000n\000e\000n\000t\000i}{subsection.2.2}% 9
\BOOKMARK [2][-]{subsection.2.3}{\376\377\000G\000e\000s\000t\000i\000o\000n\000e\000\040\000D\000a\000t\000a\000b\000a\000s\000e\000\040\000-\000\040\000F\000i\000r\000e\000b\000a\000s\000e}{section.2}% 10
\BOOKMARK [2][-]{subsection.2.4}{\376\377\000A\000P\000I\000\040\000u\000t\000i\000l\000i\000z\000z\000a\000t\000e\000\040\000-\000\040\000G\000o\000o\000g\000l\000e\000\040\000B\000o\000o\000k\000s}{section.2}% 11
\BOOKMARK [2][-]{subsection.2.5}{\376\377\000S\000v\000i\000l\000u\000p\000p\000o}{section.2}% 12
\BOOKMARK [3][-]{subsubsection.2.5.1}{\376\377\000S\000t\000r\000u\000t\000t\000u\000r\000a\000\040\000p\000a\000c\000k\000a\000g\000e}{subsection.2.5}% 13
\BOOKMARK [3][-]{subsubsection.2.5.2}{\376\377\000F\000i\000l\000e\000\040\000d\000i\000\040\000c\000o\000n\000f\000i\000g\000u\000r\000a\000z\000i\000o\000n\000e}{subsection.2.5}% 14
\BOOKMARK [2][-]{subsection.2.6}{\376\377\000S\000p\000i\000e\000g\000a\000z\000i\000o\000n\000e\000\040\000c\000o\000d\000i\000c\000e\000\040\000i\000n\000\040\000d\000e\000t\000t\000a\000g\000l\000i\000o}{section.2}% 15
\BOOKMARK [3][-]{subsubsection.2.6.1}{\376\377\000c\000o\000r\000e\000:\000\040\000C\000o\000m\000p\000o\000n\000e\000n\000t\000i\000\040\000C\000o\000m\000p\000o\000s\000e\000\040\000r\000i\000u\000t\000i\000l\000i\000z\000z\000a\000b\000i\000l\000i}{subsection.2.6}% 16
\BOOKMARK [3][-]{subsubsection.2.6.2}{\376\377\000d\000i\000:\000\040\000D\000e\000p\000e\000n\000d\000e\000n\000c\000y\000\040\000I\000n\000j\000e\000c\000t\000i\000o\000n}{subsection.2.6}% 17
\BOOKMARK [3][-]{subsubsection.2.6.3}{\376\377\000M\000o\000d\000e\000l\000\040\000d\000e\000l\000l\000'\000a\000p\000p\000l\000i\000c\000a\000z\000i\000o\000n\000e}{subsection.2.6}% 18
\BOOKMARK [3][-]{subsubsection.2.6.4}{\376\377\000F\000u\000n\000z\000i\000o\000n\000i\000\040\000c\000o\000m\000p\000o\000s\000a\000b\000l\000e\000\040\000p\000e\000r\000\040\000l\000'\000i\000n\000t\000e\000r\000f\000a\000c\000c\000i\000a}{subsection.2.6}% 19
\BOOKMARK [3][-]{subsubsection.2.6.5}{\376\377\000F\000i\000l\000e\000\040\000d\000i\000\040\000d\000e\000f\000i\000n\000i\000z\000i\000o\000n\000e\000\040\000d\000e\000l\000\040\000V\000i\000e\000w\000M\000o\000d\000e\000l}{subsection.2.6}% 20
\BOOKMARK [3][-]{subsubsection.2.6.6}{\376\377\000R\000e\000p\000o\000s\000i\000t\000o\000r\000y}{subsection.2.6}% 21
\BOOKMARK [3][-]{subsubsection.2.6.7}{\376\377\000U\000s\000e\000C\000a\000s\000e\000s}{subsection.2.6}% 22
\BOOKMARK [2][-]{subsection.2.7}{\376\377\000U\000n\000i\000t\000\040\000T\000e\000s\000t\000i\000n\000g}{section.2}% 23
\BOOKMARK [1][-]{section.3}{\376\377\000P\000r\000o\000g\000e\000t\000t\000a\000z\000i\000o\000n\000e\000\040\000e\000\040\000s\000v\000i\000l\000u\000p\000p\000o\000\040\000i\000n\000\040\000F\000l\000u\000t\000t\000e\000r}{}% 24
\BOOKMARK [1][-]{section.4}{\376\377\000U\000I\000\040\000-\000\040\000I\000n\000t\000e\000r\000f\000a\000c\000c\000i\000a\000\040\000a\000p\000p\000l\000i\000c\000a\000z\000i\000o\000n\000e}{}% 25
\BOOKMARK [1][-]{section.5}{\376\377\000D\000i\000s\000c\000u\000s\000s\000i\000o\000n\000i\000\040\000d\000i\000\040\000p\000r\000o\000b\000l\000e\000m\000a\000t\000i\000c\000h\000e\000\040\000r\000i\000s\000c\000o\000n\000t\000r\000a\000t\000e}{}% 26
\BOOKMARK [1][-]{section.6}{\376\377\000C\000o\000n\000c\000l\000u\000s\000i\000o\000n\000i}{}% 27
