This is pdfTeX, Version 3.141592653-2.6-1.40.27 (MiKTeX 25.4) (preloaded format=pdflatex 2025.4.28)  27 OCT 2025 19:02
entering extended mode
 restricted \write18 enabled.
 file:line:error style messages enabled.
 %&-line parsing enabled.
**c:/Users/crist/Desktop/Universita/Anno3/2semestre/Programmazione_Mobile/Relazione_progetto/file.tex
(c:/Users/crist/Desktop/Universita/Anno3/2semestre/Programmazione_Mobile/Relazione_progetto/file.tex
LaTeX2e <2024-11-01> patch level 2
L3 programming layer <2025-03-26>
(C:\Users\crist\AppData\Local\Programs\MiKTeX\tex/latex/base\article.cls
Document Class: article 2024/06/29 v1.4n Standard LaTeX document class
(C:\Users\crist\AppData\Local\Programs\MiKTeX\tex/latex/base\size10.clo
File: size10.clo 2024/06/29 v1.4n Standard LaTeX file (size option)
)
\c@part=\count197
\c@section=\count198
\c@subsection=\count199
\c@subsubsection=\count266
\c@paragraph=\count267
\c@subparagraph=\count268
\c@figure=\count269
\c@table=\count270
\abovecaptionskip=\skip49
\belowcaptionskip=\skip50
\bibindent=\dimen146
) (C:\Users\crist\AppData\Local\Programs\MiKTeX\tex/latex/graphics\graphicx.sty
Package: graphicx 2021/09/16 v1.2d Enhanced LaTeX Graphics (DPC,SPQR)
 (C:\Users\crist\AppData\Local\Programs\MiKTeX\tex/latex/graphics\keyval.sty
Package: keyval 2022/05/29 v1.15 key=value parser (DPC)
\KV@toks@=\toks17
) (C:\Users\crist\AppData\Local\Programs\MiKTeX\tex/latex/graphics\graphics.sty
Package: graphics 2024/08/06 v1.4g Standard LaTeX Graphics (DPC,SPQR)
 (C:\Users\crist\AppData\Local\Programs\MiKTeX\tex/latex/graphics\trig.sty
Package: trig 2023/12/02 v1.11 sin cos tan (DPC)
) (C:\Users\crist\AppData\Local\Programs\MiKTeX\tex/latex/graphics-cfg\graphics.cfg
File: graphics.cfg 2016/06/04 v1.11 sample graphics configuration
)
Package graphics Info: Driver file: pdftex.def on input line 106.
 (C:\Users\crist\AppData\Local\Programs\MiKTeX\tex/latex/graphics-def\pdftex.def
File: pdftex.def 2024/04/13 v1.2c Graphics/color driver for pdftex
))
\Gin@req@height=\dimen147
\Gin@req@width=\dimen148
) (C:\Users\crist\AppData\Local\Programs\MiKTeX\tex/latex/float\float.sty
Package: float 2001/11/08 v1.3d Float enhancements (AL)
\c@float@type=\count271
\float@exts=\toks18
\float@box=\box53
\@float@everytoks=\toks19
\@floatcapt=\box54
) (C:\Users\crist\AppData\Local\Programs\MiKTeX\tex/latex/enumitem\enumitem.sty
Package: enumitem 2025/02/06 v3.11 Customized lists
\labelindent=\skip51
\enit@outerparindent=\dimen149
\enit@toks=\toks20
\enit@inbox=\box55
\enit@count@id=\count272
\enitdp@description=\count273
) (C:\Users\crist\AppData\Local\Programs\MiKTeX\tex/latex/hyperref\hyperref.sty
Package: hyperref 2024-11-05 v7.01l Hypertext links for LaTeX
 (C:\Users\crist\AppData\Local\Programs\MiKTeX\tex/generic/iftex\iftex.sty
Package: iftex 2024/12/12 v1.0g TeX engine tests
) (C:\Users\crist\AppData\Local\Programs\MiKTeX\tex/latex/kvsetkeys\kvsetkeys.sty
Package: kvsetkeys 2022-10-05 v1.19 Key value parser (HO)
) (C:\Users\crist\AppData\Local\Programs\MiKTeX\tex/generic/kvdefinekeys\kvdefinekeys.sty
Package: kvdefinekeys 2019-12-19 v1.6 Define keys (HO)
) (C:\Users\crist\AppData\Local\Programs\MiKTeX\tex/generic/pdfescape\pdfescape.sty
Package: pdfescape 2019/12/09 v1.15 Implements pdfTeX's escape features (HO)
 (C:\Users\crist\AppData\Local\Programs\MiKTeX\tex/generic/ltxcmds\ltxcmds.sty
Package: ltxcmds 2023-12-04 v1.26 LaTeX kernel commands for general use (HO)
) (C:\Users\crist\AppData\Local\Programs\MiKTeX\tex/generic/pdftexcmds\pdftexcmds.sty
Package: pdftexcmds 2020-06-27 v0.33 Utility functions of pdfTeX for LuaTeX (HO)
 (C:\Users\crist\AppData\Local\Programs\MiKTeX\tex/generic/infwarerr\infwarerr.sty
Package: infwarerr 2019/12/03 v1.5 Providing info/warning/error messages (HO)
)
Package pdftexcmds Info: \pdf@primitive is available.
Package pdftexcmds Info: \pdf@ifprimitive is available.
Package pdftexcmds Info: \pdfdraftmode found.
)) (C:\Users\crist\AppData\Local\Programs\MiKTeX\tex/latex/hycolor\hycolor.sty
Package: hycolor 2020-01-27 v1.10 Color options for hyperref/bookmark (HO)
) (C:\Users\crist\AppData\Local\Programs\MiKTeX\tex/latex/hyperref\nameref.sty
Package: nameref 2023-11-26 v2.56 Cross-referencing by name of section
 (C:\Users\crist\AppData\Local\Programs\MiKTeX\tex/latex/refcount\refcount.sty
Package: refcount 2019/12/15 v3.6 Data extraction from label references (HO)
) (C:\Users\crist\AppData\Local\Programs\MiKTeX\tex/generic/gettitlestring\gettitlestring.sty
Package: gettitlestring 2019/12/15 v1.6 Cleanup title references (HO)
 (C:\Users\crist\AppData\Local\Programs\MiKTeX\tex/latex/kvoptions\kvoptions.sty
Package: kvoptions 2022-06-15 v3.15 Key value format for package options (HO)
))
\c@section@level=\count274
) (C:\Users\crist\AppData\Local\Programs\MiKTeX\tex/latex/etoolbox\etoolbox.sty
Package: etoolbox 2025/02/11 v2.5l e-TeX tools for LaTeX (JAW)
\etb@tempcnta=\count275
) (C:\Users\crist\AppData\Local\Programs\MiKTeX\tex/generic/stringenc\stringenc.sty
Package: stringenc 2019/11/29 v1.12 Convert strings between diff. encodings (HO)
)
\@linkdim=\dimen150
\Hy@linkcounter=\count276
\Hy@pagecounter=\count277
 (C:\Users\crist\AppData\Local\Programs\MiKTeX\tex/latex/hyperref\pd1enc.def
File: pd1enc.def 2024-11-05 v7.01l Hyperref: PDFDocEncoding definition (HO)
Now handling font encoding PD1 ...
... no UTF-8 mapping file for font encoding PD1
) (C:\Users\crist\AppData\Local\Programs\MiKTeX\tex/generic/intcalc\intcalc.sty
Package: intcalc 2019/12/15 v1.3 Expandable calculations with integers (HO)
)
\Hy@SavedSpaceFactor=\count278
 (C:\Users\crist\AppData\Local\Programs\MiKTeX\tex/latex/hyperref\puenc.def
File: puenc.def 2024-11-05 v7.01l Hyperref: PDF Unicode definition (HO)
Now handling font encoding PU ...
... no UTF-8 mapping file for font encoding PU
)
Package hyperref Info: Hyper figures OFF on input line 4157.
Package hyperref Info: Link nesting OFF on input line 4162.
Package hyperref Info: Hyper index ON on input line 4165.
Package hyperref Info: Plain pages OFF on input line 4172.
Package hyperref Info: Backreferencing OFF on input line 4177.
Package hyperref Info: Implicit mode ON; LaTeX internals redefined.
Package hyperref Info: Bookmarks ON on input line 4424.
\c@Hy@tempcnt=\count279
 (C:\Users\crist\AppData\Local\Programs\MiKTeX\tex/latex/url\url.sty
\Urlmuskip=\muskip17
Package: url 2013/09/16  ver 3.4  Verb mode for urls, etc.
)
LaTeX Info: Redefining \url on input line 4763.
\XeTeXLinkMargin=\dimen151
 (C:\Users\crist\AppData\Local\Programs\MiKTeX\tex/generic/bitset\bitset.sty
Package: bitset 2019/12/09 v1.3 Handle bit-vector datatype (HO)
 (C:\Users\crist\AppData\Local\Programs\MiKTeX\tex/generic/bigintcalc\bigintcalc.sty
Package: bigintcalc 2019/12/15 v1.5 Expandable calculations on big integers (HO)
))
\Fld@menulength=\count280
\Field@Width=\dimen152
\Fld@charsize=\dimen153
Package hyperref Info: Hyper figures OFF on input line 6042.
Package hyperref Info: Link nesting OFF on input line 6047.
Package hyperref Info: Hyper index ON on input line 6050.
Package hyperref Info: backreferencing OFF on input line 6057.
Package hyperref Info: Link coloring OFF on input line 6062.
Package hyperref Info: Link coloring with OCG OFF on input line 6067.
Package hyperref Info: PDF/A mode OFF on input line 6072.
 (C:\Users\crist\AppData\Local\Programs\MiKTeX\tex/latex/base\atbegshi-ltx.sty
Package: atbegshi-ltx 2021/01/10 v1.0c Emulation of the original atbegshi
package with kernel methods
)
\Hy@abspage=\count281
\c@Item=\count282
\c@Hfootnote=\count283
)
Package hyperref Info: Driver (autodetected): hpdftex.
 (C:\Users\crist\AppData\Local\Programs\MiKTeX\tex/latex/hyperref\hpdftex.def
File: hpdftex.def 2024-11-05 v7.01l Hyperref driver for pdfTeX
 (C:\Users\crist\AppData\Local\Programs\MiKTeX\tex/latex/base\atveryend-ltx.sty
Package: atveryend-ltx 2020/08/19 v1.0a Emulation of the original atveryend package
with kernel methods
)
\Fld@listcount=\count284
\c@bookmark@seq@number=\count285
 (C:\Users\crist\AppData\Local\Programs\MiKTeX\tex/latex/rerunfilecheck\rerunfilecheck.sty
Package: rerunfilecheck 2025-06-21 v1.11 Rerun checks for auxiliary files (HO)
 (C:\Users\crist\AppData\Local\Programs\MiKTeX\tex/generic/uniquecounter\uniquecounter.sty
Package: uniquecounter 2019/12/15 v1.4 Provide unlimited unique counter (HO)
)
Package uniquecounter Info: New unique counter `rerunfilecheck' on input line 284.
)
\Hy@SectionHShift=\skip52
) (C:\Users\crist\AppData\Local\Programs\MiKTeX\tex/latex/l3backend\l3backend-pdftex.def
File: l3backend-pdftex.def 2025-03-14 L3 backend support: PDF output (pdfTeX)
\l__color_backend_stack_int=\count286
) (file.aux

LaTeX Warning: Label `fig:sitemap' multiply defined.


LaTeX Warning: Label `fig:sitemap' multiply defined.


LaTeX Warning: Label `fig:sitemap' multiply defined.


LaTeX Warning: Label `fig:sitemap' multiply defined.


LaTeX Warning: Label `fig:sitemap' multiply defined.


LaTeX Warning: Label `fig:sitemap' multiply defined.

)
\openout1 = `file.aux'.

LaTeX Font Info:    Checking defaults for OML/cmm/m/it on input line 13.
LaTeX Font Info:    ... okay on input line 13.
LaTeX Font Info:    Checking defaults for OMS/cmsy/m/n on input line 13.
LaTeX Font Info:    ... okay on input line 13.
LaTeX Font Info:    Checking defaults for OT1/cmr/m/n on input line 13.
LaTeX Font Info:    ... okay on input line 13.
LaTeX Font Info:    Checking defaults for T1/cmr/m/n on input line 13.
LaTeX Font Info:    ... okay on input line 13.
LaTeX Font Info:    Checking defaults for TS1/cmr/m/n on input line 13.
LaTeX Font Info:    ... okay on input line 13.
LaTeX Font Info:    Checking defaults for OMX/cmex/m/n on input line 13.
LaTeX Font Info:    ... okay on input line 13.
LaTeX Font Info:    Checking defaults for U/cmr/m/n on input line 13.
LaTeX Font Info:    ... okay on input line 13.
LaTeX Font Info:    Checking defaults for PD1/pdf/m/n on input line 13.
LaTeX Font Info:    ... okay on input line 13.
LaTeX Font Info:    Checking defaults for PU/pdf/m/n on input line 13.
LaTeX Font Info:    ... okay on input line 13.
 (C:\Users\crist\AppData\Local\Programs\MiKTeX\tex/context/base/mkii\supp-pdf.mkii
[Loading MPS to PDF converter (version 2006.09.02).]
\scratchcounter=\count287
\scratchdimen=\dimen154
\scratchbox=\box56
\nofMPsegments=\count288
\nofMParguments=\count289
\everyMPshowfont=\toks21
\MPscratchCnt=\count290
\MPscratchDim=\dimen155
\MPnumerator=\count291
\makeMPintoPDFobject=\count292
\everyMPtoPDFconversion=\toks22
) (C:\Users\crist\AppData\Local\Programs\MiKTeX\tex/latex/epstopdf-pkg\epstopdf-base.sty
Package: epstopdf-base 2020-01-24 v2.11 Base part for package epstopdf
Package epstopdf-base Info: Redefining graphics rule for `.eps' on input line 485.
 (C:\Users\crist\AppData\Local\Programs\MiKTeX\tex/latex/00miktex\epstopdf-sys.cfg
File: epstopdf-sys.cfg 2021/03/18 v2.0 Configuration of epstopdf for MiKTeX
))
Package hyperref Info: Link coloring OFF on input line 13.
 (file.out) (file.out)
\@outlinefile=\write3
\openout3 = `file.out'.

LaTeX Font Info:    External font `cmex10' loaded for size
(Font)              <12> on input line 16.
LaTeX Font Info:    External font `cmex10' loaded for size
(Font)              <8> on input line 16.
LaTeX Font Info:    External font `cmex10' loaded for size
(Font)              <6> on input line 16.
 (file.toc
LaTeX Font Info:    External font `cmex10' loaded for size
(Font)              <7> on input line 3.
LaTeX Font Info:    External font `cmex10' loaded for size
(Font)              <5> on input line 3.
)
\tf@toc=\write4
\openout4 = `file.toc'.



[1

{C:/Users/crist/AppData/Local/MiKTeX/fonts/map/pdftex/pdftex.map}]
<images/req_funzionali.png, id=154, 643.40375pt x 984.67876pt>
File: images/req_funzionali.png Graphic file (type png)
<use images/req_funzionali.png>
Package pdftex.def Info: images/req_funzionali.png  used on input line 47.
(pdftex.def)             Requested size: 310.4979pt x 475.2097pt.


[2]

[3 <./images/req_funzionali.png>]
Overfull \hbox (10.08957pt too wide) in paragraph at lines 65--66
[]\OT1/cmr/m/it/10 RF11: Elim-i-nazione ac-count utente \OT1/cmr/m/n/10 - L'applicazione per-me-tte all'utente
 []


Overfull \hbox (30.94344pt too wide) in paragraph at lines 71--72
[]\OT1/cmr/m/it/10 RF14: Vi-su-al-iz-zazione lista libri (da leg-gere, in let-tura, letti) \OT1/cmr/m/n/10 - L'applicazione
 []



[4]
Overfull \hbox (19.81192pt too wide) in paragraph at lines 77--78
[]\OT1/cmr/m/it/10 RF20: Vi-su-al-iz-zazione per-centuale com-ple-ta-mento di libri \OT1/cmr/m/n/10 - L'applicazione
 []

<images/req_non_funzionali.png, id=172, 412.54124pt x 432.61626pt>
File: images/req_non_funzionali.png Graphic file (type png)
<use images/req_non_funzionali.png>
Package pdftex.def Info: images/req_non_funzionali.png  used on input line 87.
(pdftex.def)             Requested size: 207.0021pt x 217.07333pt.


[5 <./images/req_non_funzionali.png>]
<images/cu_attori.png, id=179, 337.26pt x 231.86626pt>
File: images/cu_attori.png Graphic file (type png)
<use images/cu_attori.png>
Package pdftex.def Info: images/cu_attori.png  used on input line 106.
(pdftex.def)             Requested size: 207.0021pt x 142.31561pt.
<images/cu_utente.png, id=180, 884.30376pt x 1004.75375pt>
File: images/cu_utente.png Graphic file (type png)
<use images/cu_utente.png>
Package pdftex.def Info: images/cu_utente.png  used on input line 113.
(pdftex.def)             Requested size: 276.00105pt x 313.6015pt.


[6 <./images/cu_attori.png>]
Overfull \hbox (48.53992pt too wide) in paragraph at lines 119--120
[]\OT1/cmr/m/it/10 CU1: Reg-is-trazioneU-tente \OT1/cmr/m/n/10 - L'utente, per usufruire dei servizi of-ferti dall'applicazione,
 []



[7 <./images/cu_utente.png>]
<images/cu_attivita.png, id=194, 794.97pt x 1145.27875pt>
File: images/cu_attivita.png Graphic file (type png)
<use images/cu_attivita.png>
Package pdftex.def Info: images/cu_attivita.png  used on input line 134.
(pdftex.def)             Requested size: 248.40042pt x 357.86378pt.


[8 <./images/cu_attivita.png>]
Overfull \hbox (3.43784pt too wide) in paragraph at lines 165--167
[]\OT1/cmr/bx/n/10 View: \OT1/cmr/m/n/10 Rap-p-re-senta le in-ter-facce dell'applicazione per per-me-t-tere all'utente
 []



[9]
<images/diagramma_componenti.png, id=205, 1024.82875pt x 421.575pt>
File: images/diagramma_componenti.png Graphic file (type png)
<use images/diagramma_componenti.png>
Package pdftex.def Info: images/diagramma_componenti.png  used on input line 177.
(pdftex.def)             Requested size: 345.0pt x 141.9184pt.
<images/authentication.png, id=206, 1076.52188pt x 683.55376pt>
File: images/authentication.png Graphic file (type png)
<use images/authentication.png>
Package pdftex.def Info: images/authentication.png  used on input line 193.
(pdftex.def)             Requested size: 345.0pt x 219.065pt.

Overfull \hbox (3.643pt too wide) in paragraph at lines 190--196
[]\OT1/cmr/m/it/10 Authentication: \OT1/cmr/m/n/10 per-me-tte di ge-stire il metodo di ac-cesso degli utenti tramite
 []



[10 <./images/diagramma_componenti.png>]

[11 <./images/authentication.png>]

[12]

[13]
Overfull \hbox (30.11821pt too wide) in paragraph at lines 295--296
[]\OT1/cmr/bx/n/10 AppScaffold.kt: \OT1/cmr/m/n/10 Strut-tura prin-ci-pale del com-po-nente Scaf-fold dell'applicazione,
 []


Overfull \hbox (5.25053pt too wide) in paragraph at lines 306--310
\OT1/cmr/m/n/10 For-nisce servizi di base per l'autenticazione e l'estrazione di dati da database
 []



[14]
Overfull \hbox (3.56279pt too wide) in paragraph at lines 322--323
[]\OT1/cmr/bx/n/10 auth: \OT1/cmr/m/n/10 con-tiene ul-te-ri-ori pack-age con file per la cor-retta ges-tione dell'accesso
 []



[15]
Overfull \hbox (15.0692pt too wide) in paragraph at lines 346--347
[]\OT1/cmr/bx/n/10 data.dto.GoogleBooksDto.kt: \OT1/cmr/m/n/10 con-tiene de-ter-mi-nati DTO per Google
 []



[16]
Overfull \hbox (2.94534pt too wide) in paragraph at lines 360--362
[]\OT1/cmr/bx/n/10 data.model.FriendModels.kt: \OT1/cmr/m/n/10 Model rel-a-tivo all'amico e alla richi-
 []


Overfull \hbox (22.60274pt too wide) in paragraph at lines 383--384
[]\OT1/cmr/bx/n/10 LoginScreen.kt: \OT1/cmr/m/n/10 Scher-mata in-iziale nec-es-saria per il lo-gin dell'utente
 []


Overfull \hbox (0.97191pt too wide) in paragraph at lines 384--386
[]\OT1/cmr/bx/n/10 RegistrationScreen.kt: \OT1/cmr/m/n/10 Scher-mata di reg-is-trazione con i campi
 []



[17]

[18]
Overfull \hbox (23.54251pt too wide) in paragraph at lines 434--438
[]\OT1/cmr/bx/n/10 ShelvesScreen.kt: \OT1/cmr/m/n/10 Con-tiene fun-zioni \OT1/cmr/m/it/10 @Com-pos-able \OT1/cmr/m/n/10 per la definizione
 []


Overfull \hbox (2.3116pt too wide) in paragraph at lines 434--438
\OT1/cmr/m/n/10 della scher-mata della sezione "Scaf-fali", carat-ter-iz-zata dalla strut-
 []



[19]
Overfull \hbox (12.85017pt too wide) in paragraph at lines 452--458
\OT1/cmr/m/n/10 mata, titolo di-nam-ico (mostra l'intervallo con-sen-tito $(0\OML/cmm/m/it/10 ::pageCount\OT1/cmr/m/n/10 )$
 []


Overfull \hbox (27.89452pt too wide) in paragraph at lines 452--458
\OT1/cmr/m/it/10 Home-Screen \OT1/cmr/m/n/10 con-sente di per-sis-tere l'aggiornamento tramite \OT1/cmr/m/it/10 HomeView-
 []


Overfull \hbox (23.21341pt too wide) in paragraph at lines 467--474
[]\OT1/cmr/bx/n/10 AuthViewModel.kt: \OT1/cmr/m/n/10 View-Model di au-t-en-ti-cazione an-no-tato \OT1/cmr/m/it/10 @HiltView-
 []


Overfull \hbox (1.35431pt too wide) in paragraph at lines 467--474
\OT1/cmr/m/n/10 (\OT1/cmr/m/it/10 State-Flow\OT1/cmr/m/n/10 ): \OT1/cmr/m/it/10 Reg-is-tra-tionForm-State \OT1/cmr/m/n/10 per la reg-is-trazione e \OT1/cmr/m/it/10 Login-Form-
 []


Overfull \hbox (0.87599pt too wide) in paragraph at lines 467--474
\OT1/cmr/m/it/10 Change\OT1/cmr/m/n/10 , \OT1/cmr/m/it/10 on-Con-firm-Pass-word-Change\OT1/cmr/m/n/10 , \OT1/cmr/m/it/10 onUser-nameChange\OT1/cmr/m/n/10 , \OT1/cmr/m/it/10 on-LoginE-
 []


Overfull \hbox (39.85817pt too wide) in paragraph at lines 467--474
\OT1/cmr/m/it/10 mailChange\OT1/cmr/m/n/10 , \OT1/cmr/m/it/10 on-Login-Pass-word-Change\OT1/cmr/m/n/10 ). La ver-i-fica disponi-bilit^^Ra dell'username
 []


Overfull \hbox (6.10115pt too wide) in paragraph at lines 467--474
\OT1/cmr/m/it/10 Flow \OT1/cmr/m/n/10 con \OT1/cmr/m/it/10 col-lec-tAsState() \OT1/cmr/m/n/10 per abil-itare/disabilitare i pul-santi, mostrare
 []



[20]
LaTeX Font Info:    Trying to load font information for OMS+cmr on input line 478.
 (C:\Users\crist\AppData\Local\Programs\MiKTeX\tex/latex/base\omscmr.fd
File: omscmr.fd 2024/11/19 v2.5n Standard LaTeX font definitions
)
LaTeX Font Info:    Font shape `OMS/cmr/m/it' in size <10> not available
(Font)              Font shape `OMS/cmsy/m/n' tried instead on input line 478.

Overfull \hbox (13.97716pt too wide) in paragraph at lines 477--481
[]\OT1/cmr/bx/n/10 CatalogViewModel.kt: \OT1/cmr/m/n/10 View-Model del cat-a-l-ogo an-no-tato \OT1/cmr/m/it/10 @HiltView-
 []


Overfull \hbox (9.30661pt too wide) in paragraph at lines 477--481
\OT1/cmr/m/it/10 Model \OT1/cmr/m/n/10 che ini-etta \OT1/cmr/m/it/10 Search-BookUse-Case\OT1/cmr/m/n/10 , \OT1/cmr/m/it/10 Get-Cat-e-go-ryFee-dUse-Case\OT1/cmr/m/n/10 , \OT1/cmr/m/it/10 User-
 []


Overfull \hbox (8.48137pt too wide) in paragraph at lines 484--487
\OT1/cmr/m/it/10 Sta-tusUse-Case\OT1/cmr/m/n/10 , \OT1/cmr/m/it/10 Ob-serveUser-BookUse-Case\OT1/cmr/m/n/10 , \OT1/cmr/m/it/10 Set-Book-Sta-tusUse-Case\OT1/cmr/m/n/10 , \OT1/cmr/m/it/10 Re-
 []


Overfull \hbox (10.75888pt too wide) in paragraph at lines 490--493
\OT1/cmr/m/n/10 ot-tenuto con \OT1/cmr/m/it/10 com-bine \OT1/cmr/m/n/10 tra i libri in let-tura (\OT1/cmr/m/it/10 repo.observeReadingBooks()\OT1/cmr/m/n/10 ),
 []



[21]
LaTeX Font Info:    Trying to load font information for OML+cmr on input line 499.
 (C:\Users\crist\AppData\Local\Programs\MiKTeX\tex/latex/base\omlcmr.fd
File: omlcmr.fd 2024/11/19 v2.5n Standard LaTeX font definitions
)
LaTeX Font Info:    Font shape `OML/cmr/m/it' in size <10> not available
(Font)              Font shape `OML/cmm/m/it' tried instead on input line 499.

Overfull \hbox (9.11717pt too wide) in paragraph at lines 498--502
[]\OT1/cmr/m/n/10 All'avvio car-ica il pro-filo dell'utente cor-rente (ri-ca-vato da \OT1/cmr/m/it/10 Fire-baseAuth\OT1/cmr/m/n/10 )
 []


Overfull \hbox (10.51671pt too wide) in paragraph at lines 498--502
\OT1/cmr/m/n/10 tramite \OT1/cmr/m/it/10 Fire-storeUser-Data-Source.getUserProfile \OT1/cmr/m/n/10 e lo espone come \OT1/cmr/m/it/10 State-
 []


Overfull \hbox (39.14233pt too wide) in paragraph at lines 510--513
\OT1/cmr/m/n/10 man-doli in \OT1/cmr/m/it/10 UiShelf-Book \OT1/cmr/m/n/10 ed espo-nen-doli come \OT1/cmr/m/it/10 State-Flow\OML/cmm/m/it/10 <\OT1/cmr/m/it/10 List\OML/cmm/m/it/10 <\OT1/cmr/m/it/10 UiShelfBook\OML/cmm/m/it/10 >>
 []



[22]

[23] (file.aux)
 ***********
LaTeX2e <2024-11-01> patch level 2
L3 programming layer <2025-03-26>
 ***********


LaTeX Warning: There were multiply-defined labels.

Package rerunfilecheck Info: File `file.out' has not changed.
(rerunfilecheck)             Checksum: 40014C8CD40E94CBE31C9ABA9B79D60B;4964.
 ) 
Here is how much of TeX's memory you used:
 9045 strings out of 469959
 143900 string characters out of 5469834
 539389 words of memory out of 5000000
 35689 multiletter control sequences out of 15000+600000
 632101 words of font info for 57 fonts, out of 8000000 for 9000
 1141 hyphenation exceptions out of 8191
 75i,7n,79p,674b,743s stack positions out of 10000i,1000n,20000p,200000b,200000s
 <C:\Users\crist\AppData\Local\MiKTeX\fonts/pk/ljfour/jknappen/ec/dpi600\tcbx1000.pk> <C:\Users\crist\AppData\Local\MiKTeX\fonts/pk/ljfour/jknappen/ec/dpi600\tcrm1000.pk><C:/Users/crist/AppData/Local/Programs/MiKTeX/fonts/type1/public/amsfonts/cm/cmbx10.pfb><C:/Users/crist/AppData/Local/Programs/MiKTeX/fonts/type1/public/amsfonts/cm/cmbx12.pfb><C:/Users/crist/AppData/Local/Programs/MiKTeX/fonts/type1/public/amsfonts/cm/cmmi10.pfb><C:/Users/crist/AppData/Local/Programs/MiKTeX/fonts/type1/public/amsfonts/cm/cmr10.pfb><C:/Users/crist/AppData/Local/Programs/MiKTeX/fonts/type1/public/amsfonts/cm/cmr12.pfb><C:/Users/crist/AppData/Local/Programs/MiKTeX/fonts/type1/public/amsfonts/cm/cmr17.pfb><C:/Users/crist/AppData/Local/Programs/MiKTeX/fonts/type1/public/amsfonts/cm/cmsy10.pfb><C:/Users/crist/AppData/Local/Programs/MiKTeX/fonts/type1/public/amsfonts/cm/cmti10.pfb>
Output written on file.pdf (23 pages, 628780 bytes).
PDF statistics:
 332 PDF objects out of 1000 (max. 8388607)
 60 named destinations out of 1000 (max. 500000)
 260 words of extra memory for PDF output out of 10000 (max. 10000000)

